<?xml version="1.0" encoding="UTF-8"?>
<!-- Generated by org.testng.reporters.JUnitReportReporter -->
<testsuite hostname="uddin" failures="0" tests="1" name="seleniumMethods.B_use_of_get_method" time="0.076" errors="0" timestamp="2022-02-15T12:23:51 EST" skipped="0">
  <testcase classname="seleniumMethods.B_use_of_get_method" name="loginButtonTest" time="0.076"/>
  <system-out/>
</testsuite> <!-- seleniumMethods.B_use_of_get_method -->
